<?xml version="1.0" encoding="UTF-8"?>
<!-- Generated by org.testng.reporters.JUnitReportReporter -->
<testsuite hostname="DESKTOP-HS9QOMK" failures="0" tests="1" name="test.LoginTest" time="12.259" errors="0" timestamp="13 Aug 2019 00:56:46 GMT">
  <testcase classname="test.LoginTest" name="login" time="12.259"/>
</testsuite> <!-- test.LoginTest -->
