<?xml version="1.0" encoding="UTF-8"?>
<!-- Generated by org.testng.reporters.JUnitReportReporter -->
<testsuite hostname="DESKTOP-HS9QOMK" failures="0" tests="1" name="test.AddContactTest" time="18.044" errors="0" timestamp="13 Aug 2019 00:56:46 GMT">
  <testcase classname="test.AddContactTest" name="AddContact" time="18.044"/>
</testsuite> <!-- test.AddContactTest -->
